epoch,learning_rate,loss,val_loss
0,0.0010000000474974513,-6.126368999481201,-5.484188556671143
1,0.0010000000474974513,-6.13454008102417,-5.500834941864014
2,0.0010000000474974513,-6.14113712310791,-5.4278717041015625
3,0.0010000000474974513,-6.146389007568359,-5.485326766967773
4,0.0010000000474974513,-6.152474403381348,-5.469569683074951
5,0.0010000000474974513,-6.1565093994140625,-5.487345218658447
6,0.0010000000474974513,-6.171054840087891,-5.46744966506958
7,0.0010000000474974513,-6.1647443771362305,-5.4895453453063965
8,0.0010000000474974513,-6.173358917236328,-5.4351677894592285
9,0.0010000000474974513,-6.182346343994141,-5.46561861038208
10,0.0010000000474974513,-6.1781158447265625,-5.490983486175537
11,0.0010000000474974513,-6.188170433044434,-5.501308441162109
12,0.0010000000474974513,-6.19180154800415,-5.4874267578125
13,0.0010000000474974513,-6.194438457489014,-5.461246967315674
14,0.0010000000474974513,-6.198957920074463,-5.451744556427002
15,0.0010000000474974513,-6.206087112426758,-5.463703632354736
16,0.0010000000474974513,-6.203590393066406,-5.4615559577941895
17,0.0010000000474974513,-6.2146501541137695,-5.477816104888916
18,0.0010000000474974513,-6.217992305755615,-5.47798490524292
19,0.0010000000474974513,-6.217174053192139,-5.463724613189697
20,0.0010000000474974513,-6.224557876586914,-5.4680962562561035
21,0.0010000000474974513,-6.231250286102295,-5.505977153778076
22,0.0010000000474974513,-6.233388900756836,-5.446403503417969
23,0.0010000000474974513,-6.2330546379089355,-5.494368553161621
24,0.0010000000474974513,-6.241480350494385,-5.496529579162598
25,0.0010000000474974513,-6.237806797027588,-5.464853763580322
26,0.0010000000474974513,-6.245459079742432,-5.452805519104004
27,0.0010000000474974513,-6.244513511657715,-5.449051380157471
28,0.0010000000474974513,-6.249265670776367,-5.485681056976318
29,0.0010000000474974513,-6.258241176605225,-5.477461814880371
30,0.0010000000474974513,-6.248689651489258,-5.486500263214111
31,0.0010000000474974513,-6.255164623260498,-5.481494903564453
32,0.0010000000474974513,-6.2613091468811035,-5.476760387420654
33,0.0010000000474974513,-6.264149188995361,-5.482330799102783
34,0.0010000000474974513,-6.265499114990234,-5.461890697479248
35,0.0010000000474974513,-6.266757011413574,-5.486413478851318
36,0.0010000000474974513,-6.269765377044678,-5.472527503967285
37,0.0010000000474974513,-6.274665832519531,-5.488963603973389
38,0.0010000000474974513,-6.279671669006348,-5.479094505310059
39,0.0010000000474974513,-6.282181262969971,-5.475485324859619
40,0.0010000000474974513,-6.280162811279297,-5.477206707000732
41,0.0010000000474974513,-6.289680004119873,-5.485967636108398
42,0.0010000000474974513,-6.285367488861084,-5.471134185791016
43,0.0010000000474974513,-6.288655757904053,-5.470861911773682
44,0.0010000000474974513,-6.299357891082764,-5.499003887176514
45,0.0010000000474974513,-6.294204235076904,-5.481662273406982
46,0.0010000000474974513,-6.2973103523254395,-5.487192153930664
47,0.0010000000474974513,-6.296770095825195,-5.494492053985596
48,0.0005000000237487257,-6.37516450881958,-5.473374843597412
49,0.0005000000237487257,-6.392801761627197,-5.502945423126221
50,0.0005000000237487257,-6.400841236114502,-5.494996547698975
51,0.0005000000237487257,-6.408391952514648,-5.46216344833374
52,0.0005000000237487257,-6.410761833190918,-5.485996246337891
53,0.0005000000237487257,-6.414611339569092,-5.480372905731201
54,0.0005000000237487257,-6.41694974899292,-5.495319366455078
55,0.0005000000237487257,-6.419782638549805,-5.490952968597412
56,0.0005000000237487257,-6.4242024421691895,-5.493959426879883
57,0.0005000000237487257,-6.426547527313232,-5.475838661193848
58,0.0005000000237487257,-6.429381847381592,-5.495243549346924
59,0.0005000000237487257,-6.430233001708984,-5.472964286804199
60,0.0005000000237487257,-6.43374490737915,-5.467435359954834
61,0.0005000000237487257,-6.432784080505371,-5.474372863769531
62,0.0005000000237487257,-6.434021472930908,-5.485074043273926
63,0.0005000000237487257,-6.439600944519043,-5.490818977355957
64,0.0005000000237487257,-6.4399871826171875,-5.469120025634766
65,0.0005000000237487257,-6.443400859832764,-5.472297668457031
66,0.0005000000237487257,-6.443541526794434,-5.472507476806641
67,0.0005000000237487257,-6.44594144821167,-5.464962959289551
68,0.0005000000237487257,-6.446983814239502,-5.4694414138793945
69,0.0005000000237487257,-6.448671817779541,-5.474922180175781
70,0.0005000000237487257,-6.4506330490112305,-5.451704978942871
71,0.0005000000237487257,-6.453057765960693,-5.457298755645752
72,0.0005000000237487257,-6.451170444488525,-5.473076343536377
73,0.0005000000237487257,-6.453294277191162,-5.4684367179870605
74,0.0005000000237487257,-6.4567999839782715,-5.4632887840271
75,0.0005000000237487257,-6.4582719802856445,-5.485727787017822
76,0.0005000000237487257,-6.45862340927124,-5.434564590454102
77,0.0005000000237487257,-6.460211753845215,-5.451011657714844
78,0.0005000000237487257,-6.4602837562561035,-5.445823669433594
79,0.0005000000237487257,-6.4613142013549805,-5.439340114593506
80,0.0005000000237487257,-6.465275287628174,-5.430783748626709
81,0.0005000000237487257,-6.465278148651123,-5.4446892738342285
82,0.0005000000237487257,-6.464524745941162,-5.4577178955078125
83,0.0005000000237487257,-6.468608379364014,-5.452942848205566
84,0.0005000000237487257,-6.4703850746154785,-5.430395126342773
85,0.0005000000237487257,-6.4708251953125,-5.449422836303711
86,0.0005000000237487257,-6.470848083496094,-5.462863445281982
87,0.0005000000237487257,-6.471419334411621,-5.444864273071289
88,0.0005000000237487257,-6.474425792694092,-5.455995559692383
89,0.0005000000237487257,-6.472858905792236,-5.435049533843994
90,0.0005000000237487257,-6.476548671722412,-5.458746433258057
91,0.0005000000237487257,-6.476546764373779,-5.438429355621338
92,0.0005000000237487257,-6.480717658996582,-5.446115493774414
93,0.0005000000237487257,-6.478672027587891,-5.456907749176025
94,0.0005000000237487257,-6.480138301849365,-5.439098358154297
95,0.0005000000237487257,-6.4788594245910645,-5.438967704772949
96,0.0002500000118743628,-6.517080783843994,-5.456605434417725
97,0.0002500000118743628,-6.5244035720825195,-5.442136287689209
98,0.0002500000118743628,-6.529097080230713,-5.443263053894043
99,0.0002500000118743628,-6.529067516326904,-5.447638988494873
100,0.0002500000118743628,-6.5330400466918945,-5.449765682220459
101,0.0002500000118743628,-6.5325212478637695,-5.429047107696533
102,0.0002500000118743628,-6.536371231079102,-5.428096294403076
103,0.0002500000118743628,-6.535583019256592,-5.434860706329346
104,0.0002500000118743628,-6.539389610290527,-5.443711757659912
105,0.0002500000118743628,-6.540923595428467,-5.431356906890869
106,0.0002500000118743628,-6.539478302001953,-5.436092376708984
107,0.0002500000118743628,-6.5402116775512695,-5.436964988708496
108,0.0002500000118743628,-6.542179107666016,-5.420691967010498
109,0.0002500000118743628,-6.5432634353637695,-5.422421455383301
110,0.0002500000118743628,-6.5447492599487305,-5.430582523345947
111,0.0002500000118743628,-6.546095371246338,-5.421520233154297
112,0.0002500000118743628,-6.545525550842285,-5.428972244262695
113,0.0002500000118743628,-6.545424461364746,-5.430643558502197
114,0.0002500000118743628,-6.546506404876709,-5.43927001953125
115,0.0002500000118743628,-6.548050880432129,-5.429759979248047
116,0.0002500000118743628,-6.548620700836182,-5.409176826477051
117,0.0002500000118743628,-6.55073881149292,-5.444730281829834
118,0.0002500000118743628,-6.549272060394287,-5.41569185256958
119,0.0002500000118743628,-6.551717758178711,-5.425819396972656
120,0.0002500000118743628,-6.55217170715332,-5.430644989013672
121,0.0002500000118743628,-6.553186893463135,-5.413286209106445
122,0.0002500000118743628,-6.554627895355225,-5.416598796844482
123,0.0002500000118743628,-6.554102420806885,-5.425405502319336
124,0.0002500000118743628,-6.554664611816406,-5.41135835647583
125,0.0002500000118743628,-6.556830406188965,-5.415035247802734
126,0.0002500000118743628,-6.554431438446045,-5.419653415679932
127,0.0002500000118743628,-6.557484149932861,-5.407670974731445
128,0.0002500000118743628,-6.556947708129883,-5.429027080535889
129,0.0002500000118743628,-6.556918144226074,-5.414218425750732
130,0.0002500000118743628,-6.559919357299805,-5.405118942260742
131,0.0002500000118743628,-6.558783531188965,-5.417705535888672
132,0.0002500000118743628,-6.561220169067383,-5.4116010665893555
133,0.0002500000118743628,-6.559474945068359,-5.409275531768799
134,0.0002500000118743628,-6.561708450317383,-5.408120155334473
135,0.0002500000118743628,-6.559155464172363,-5.419408798217773
136,0.0002500000118743628,-6.562656879425049,-5.406130313873291
137,0.0002500000118743628,-6.562190055847168,-5.414177894592285
138,0.0002500000118743628,-6.563545227050781,-5.41146183013916
139,0.0002500000118743628,-6.56352424621582,-5.406161785125732
140,0.0002500000118743628,-6.564927577972412,-5.429412364959717
141,0.0002500000118743628,-6.564473628997803,-5.405214309692383
142,0.0002500000118743628,-6.5665998458862305,-5.422913074493408
143,0.0002500000118743628,-6.566412448883057,-5.4020256996154785
144,0.0002500000118743628,-6.567230701446533,-5.40502405166626
145,0.0002500000118743628,-6.567863464355469,-5.413711071014404
146,0.0002500000118743628,-6.568681240081787,-5.401236057281494
147,0.0002500000118743628,-6.568643569946289,-5.402407646179199
148,0.0002500000118743628,-6.56914758682251,-5.395364761352539
149,0.0002500000118743628,-6.571428298950195,-5.396914482116699
150,0.0002500000118743628,-6.569668769836426,-5.402045726776123
151,0.0002500000118743628,-6.571432113647461,-5.412099838256836
152,0.0002500000118743628,-6.572514057159424,-5.403114318847656
153,0.0002500000118743628,-6.571327209472656,-5.3870439529418945
154,0.0002500000118743628,-6.571261882781982,-5.377693176269531
155,0.0002500000118743628,-6.573030471801758,-5.381461143493652
156,0.0002500000118743628,-6.573311805725098,-5.398814678192139
157,0.0002500000118743628,-6.574605464935303,-5.3904128074646
158,0.0002500000118743628,-6.572910785675049,-5.397211074829102
159,0.0002500000118743628,-6.573769569396973,-5.383755207061768
160,0.0002500000118743628,-6.575830459594727,-5.3787102699279785
161,0.0002500000118743628,-6.576213836669922,-5.389244556427002
162,0.0002500000118743628,-6.575063228607178,-5.401554107666016
163,0.0002500000118743628,-6.579431056976318,-5.382485389709473
164,0.0002500000118743628,-6.577972888946533,-5.394481182098389
165,0.0002500000118743628,-6.579368591308594,-5.370038032531738
166,0.0002500000118743628,-6.578765392303467,-5.374966621398926
167,0.0001250000059371814,-6.595278263092041,-5.389969825744629
168,0.0001250000059371814,-6.5976057052612305,-5.392301559448242
169,0.0001250000059371814,-6.60077428817749,-5.3884172439575195
170,0.0001250000059371814,-6.6019368171691895,-5.378190517425537
171,0.0001250000059371814,-6.602528095245361,-5.391918182373047
172,0.0001250000059371814,-6.60374116897583,-5.3960747718811035
173,0.0001250000059371814,-6.604593753814697,-5.381316184997559
174,0.0001250000059371814,-6.605621814727783,-5.381253719329834
175,0.0001250000059371814,-6.606090545654297,-5.38135290145874
176,0.0001250000059371814,-6.606780529022217,-5.378763198852539
177,0.0001250000059371814,-6.606178283691406,-5.381363868713379
178,0.0001250000059371814,-6.606842994689941,-5.382513046264648
179,0.0001250000059371814,-6.607933044433594,-5.386340141296387
180,0.0001250000059371814,-6.607448577880859,-5.386447429656982
181,0.0001250000059371814,-6.608356952667236,-5.378566741943359
182,0.0001250000059371814,-6.608501434326172,-5.3847856521606445
183,0.0001250000059371814,-6.609381198883057,-5.3719353675842285
184,0.0001250000059371814,-6.610111713409424,-5.376189231872559
185,0.0001250000059371814,-6.609678745269775,-5.382584571838379
186,0.0001250000059371814,-6.609881401062012,-5.38264274597168
187,0.0001250000059371814,-6.610202312469482,-5.377212047576904
188,6.25000029685907e-05,-6.618226528167725,-5.379918575286865
189,6.25000029685907e-05,-6.62006950378418,-5.377336502075195
190,6.25000029685907e-05,-6.619871139526367,-5.379950523376465
191,6.25000029685907e-05,-6.620974063873291,-5.387086391448975
192,6.25000029685907e-05,-6.622037410736084,-5.377765655517578
193,6.25000029685907e-05,-6.623512268066406,-5.377851963043213
194,6.25000029685907e-05,-6.623894691467285,-5.38137149810791
195,6.25000029685907e-05,-6.6237359046936035,-5.375568866729736
196,6.25000029685907e-05,-6.623441219329834,-5.371729850769043
197,6.25000029685907e-05,-6.623057842254639,-5.377312660217285
198,3.125000148429535e-05,-6.629012584686279,-5.374119281768799
199,3.125000148429535e-05,-6.629105567932129,-5.372440814971924
200,3.125000148429535e-05,-6.629498481750488,-5.370856285095215
201,3.125000148429535e-05,-6.628225803375244,-5.376897811889648
202,3.125000148429535e-05,-6.629695415496826,-5.369771480560303
203,3.125000148429535e-05,-6.629570484161377,-5.368657112121582
204,3.125000148429535e-05,-6.629641532897949,-5.373373985290527
205,3.125000148429535e-05,-6.630683422088623,-5.3694047927856445
206,3.125000148429535e-05,-6.630795955657959,-5.374033451080322
207,3.125000148429535e-05,-6.632508754730225,-5.3672051429748535
208,3.125000148429535e-05,-6.630917072296143,-5.371551990509033
209,3.125000148429535e-05,-6.631302356719971,-5.3704514503479
210,3.125000148429535e-05,-6.630209922790527,-5.369624137878418
211,1.5625000742147677e-05,-6.632768154144287,-5.367791652679443
212,1.5625000742147677e-05,-6.632795333862305,-5.366736888885498
213,1.5625000742147677e-05,-6.632629871368408,-5.369098663330078
214,1.5625000742147677e-05,-6.634495258331299,-5.367739677429199
215,1.5625000742147677e-05,-6.635306358337402,-5.369711399078369
216,1.5625000742147677e-05,-6.63374137878418,-5.369135856628418
217,1.5625000742147677e-05,-6.634486675262451,-5.366807460784912
218,1.5625000742147677e-05,-6.634333610534668,-5.366446018218994
219,7.812500371073838e-06,-6.634883403778076,-5.367605686187744
220,7.812500371073838e-06,-6.635619640350342,-5.367055416107178
221,7.812500371073838e-06,-6.6363091468811035,-5.369946002960205
222,7.812500371073838e-06,-6.635686874389648,-5.367881774902344
223,7.812500371073838e-06,-6.635965824127197,-5.370840072631836
224,7.812500371073838e-06,-6.635656356811523,-5.365032196044922
225,3.906250185536919e-06,-6.636745929718018,-5.367884159088135
226,3.906250185536919e-06,-6.6358795166015625,-5.369167804718018
227,3.906250185536919e-06,-6.636838912963867,-5.368584156036377
228,3.906250185536919e-06,-6.636011123657227,-5.369704723358154
229,1.9531250927684596e-06,-6.636367321014404,-5.368426322937012
230,1.9531250927684596e-06,-6.637619495391846,-5.3664774894714355
231,1.9531250927684596e-06,-6.636335849761963,-5.367921352386475
232,1.9531250927684596e-06,-6.6355061531066895,-5.367805480957031
233,1.9531250927684596e-06,-6.636600971221924,-5.368536472320557
234,9.765625463842298e-07,-6.637186527252197,-5.3683953285217285
235,9.765625463842298e-07,-6.637234210968018,-5.36745023727417
236,9.765625463842298e-07,-6.638208389282227,-5.367957592010498
237,9.765625463842298e-07,-6.636645317077637,-5.367682933807373
238,9.765625463842298e-07,-6.638221263885498,-5.36745548248291
239,9.765625463842298e-07,-6.636782169342041,-5.367614269256592
240,4.882812731921149e-07,-6.637607097625732,-5.367873191833496
241,4.882812731921149e-07,-6.6374616622924805,-5.367898941040039
242,4.882812731921149e-07,-6.637701511383057,-5.3682169914245605
243,2.4414063659605745e-07,-6.636824131011963,-5.367865085601807
244,2.4414063659605745e-07,-6.637450218200684,-5.368165969848633
245,2.4414063659605745e-07,-6.63758659362793,-5.368162155151367
246,1.2207031829802872e-07,-6.635972023010254,-5.3681135177612305
247,1.2207031829802872e-07,-6.637843608856201,-5.367942810058594
248,1.2207031829802872e-07,-6.636996269226074,-5.367975234985352
